[0.244s] DEBUG:colcon:Command line arguments: ['/usr/bin/colcon', 'build', '--symlink-install']
[0.244s] DEBUG:colcon:Parsed command line arguments: Namespace(log_base=None, log_level=None, verb_name='build', build_base='build', install_base='install', merge_install=False, symlink_install=True, test_result_base=None, continue_on_error=False, executor='parallel', parallel_workers=6, event_handlers=None, ignore_user_meta=False, metas=['./colcon.meta'], base_paths=['.'], packages_ignore=None, packages_ignore_regex=None, paths=None, packages_up_to=None, packages_up_to_regex=None, packages_above=None, packages_above_and_dependencies=None, packages_above_depth=None, packages_select_by_dep=None, packages_skip_by_dep=None, packages_skip_up_to=None, packages_select_build_failed=False, packages_skip_build_finished=False, packages_select_test_failures=False, packages_skip_test_passed=False, packages_select=None, packages_skip=None, packages_select_regex=None, packages_skip_regex=None, packages_start=None, packages_end=None, allow_overriding=[], lookup_in_workspace=False, cargo_args=None, clean_build=False, cmake_args=None, cmake_target=None, cmake_target_skip_unavailable=False, cmake_clean_cache=False, cmake_clean_first=False, cmake_force_configure=False, ament_cmake_args=None, catkin_cmake_args=None, catkin_skip_building_tests=False, verb_parser=<colcon_defaults.argument_parser.defaults.DefaultArgumentsDecorator object at 0xffffa6a26410>, verb_extension=<colcon_core.verb.build.BuildVerb object at 0xffffa6b1eef0>, main=<bound method BuildVerb.main of <colcon_core.verb.build.BuildVerb object at 0xffffa6b1eef0>>)
[0.750s] Level 1:colcon.colcon_core.package_discovery:discover_packages(colcon_meta) check parameters
[0.750s] Level 1:colcon.colcon_core.package_discovery:discover_packages(recursive) check parameters
[0.750s] Level 1:colcon.colcon_core.package_discovery:discover_packages(ignore) check parameters
[0.750s] Level 1:colcon.colcon_core.package_discovery:discover_packages(path) check parameters
[0.750s] Level 1:colcon.colcon_core.package_discovery:discover_packages(colcon_meta) discover
[0.751s] Level 1:colcon.colcon_core.package_discovery:discover_packages(recursive) discover
[0.751s] INFO:colcon.colcon_core.package_discovery:Crawling recursively for packages in '/workspaces/isaac_ros-dev/src/pixelization_rs'
[0.751s] Level 1:colcon.colcon_core.package_identification:_identify(.) by extensions ['ignore', 'ignore_ament_install']
[0.751s] Level 1:colcon.colcon_core.package_identification:_identify(.) by extension 'ignore'
[0.751s] Level 1:colcon.colcon_core.package_identification:_identify(.) by extension 'ignore_ament_install'
[0.752s] Level 1:colcon.colcon_core.package_identification:_identify(.) by extensions ['colcon_pkg']
[0.752s] Level 1:colcon.colcon_core.package_identification:_identify(.) by extension 'colcon_pkg'
[0.752s] Level 1:colcon.colcon_core.package_identification:_identify(.) by extensions ['colcon_meta']
[0.752s] Level 1:colcon.colcon_core.package_identification:_identify(.) by extension 'colcon_meta'
[0.752s] Level 1:colcon.colcon_core.package_identification:_identify(.) by extensions ['ament_cargo']
[0.752s] Level 1:colcon.colcon_core.package_identification:_identify(.) by extension 'ament_cargo'
[0.786s] DEBUG:colcon.colcon_core.package_identification:Package '.' with type 'ament_cargo' and name 'pixelization_rs'
[0.787s] Level 1:colcon.colcon_core.package_discovery:discover_packages(recursive) using defaults
[0.787s] Level 1:colcon.colcon_core.package_discovery:discover_packages(ignore) discover
[0.787s] Level 1:colcon.colcon_core.package_discovery:discover_packages(ignore) using defaults
[0.787s] Level 1:colcon.colcon_core.package_discovery:discover_packages(path) discover
[0.787s] Level 1:colcon.colcon_core.package_discovery:discover_packages(path) using defaults
[0.823s] Level 1:colcon.colcon_core.package_discovery:discover_packages(prefix_path) check parameters
[0.823s] Level 1:colcon.colcon_core.package_discovery:discover_packages(prefix_path) discover
[0.825s] WARNING:colcon.colcon_core.prefix_path.colcon:The path '/workspaces/isaac_ros-dev/install' in the environment variable COLCON_PREFIX_PATH doesn't exist
[0.825s] WARNING:colcon.colcon_ros.prefix_path.ament:The path '/workspaces/isaac_ros-dev/install/isaac_ros_visual_slam' in the environment variable AMENT_PREFIX_PATH doesn't exist
[0.825s] WARNING:colcon.colcon_ros.prefix_path.ament:The path '/workspaces/isaac_ros-dev/install/isaac_ros_visual_slam_interfaces' in the environment variable AMENT_PREFIX_PATH doesn't exist
[0.825s] WARNING:colcon.colcon_ros.prefix_path.ament:The path '/workspaces/isaac_ros-dev/install/isaac_ros_test' in the environment variable AMENT_PREFIX_PATH doesn't exist
[0.825s] WARNING:colcon.colcon_ros.prefix_path.ament:The path '/workspaces/isaac_ros-dev/install/isaac_ros_common' in the environment variable AMENT_PREFIX_PATH doesn't exist
[0.825s] WARNING:colcon.colcon_ros.prefix_path.ament:The path '/workspaces/isaac_ros-dev/install/isaac_ros_apriltag_interfaces' in the environment variable AMENT_PREFIX_PATH doesn't exist
[0.826s] WARNING:colcon.colcon_ros.prefix_path.catkin:The path '/workspaces/isaac_ros-dev/install/isaac_ros_visual_slam' in the environment variable CMAKE_PREFIX_PATH doesn't exist
[0.826s] WARNING:colcon.colcon_ros.prefix_path.catkin:The path '/workspaces/isaac_ros-dev/install/isaac_ros_visual_slam_interfaces' in the environment variable CMAKE_PREFIX_PATH doesn't exist
[0.826s] WARNING:colcon.colcon_ros.prefix_path.catkin:The path '/workspaces/isaac_ros-dev/install/isaac_ros_common' in the environment variable CMAKE_PREFIX_PATH doesn't exist
[0.826s] WARNING:colcon.colcon_ros.prefix_path.catkin:The path '/workspaces/isaac_ros-dev/install/isaac_ros_apriltag_interfaces' in the environment variable CMAKE_PREFIX_PATH doesn't exist
[0.828s] DEBUG:colcon.colcon_installed_package_information.package_discovery:Found 0 installed packages in /workspaces/isaac_ros-dev/src/pixelization_rs/install
[0.832s] DEBUG:colcon.colcon_installed_package_information.package_discovery:Found 419 installed packages in /opt/ros/humble
[0.835s] Level 1:colcon.colcon_core.package_discovery:discover_packages(prefix_path) using defaults
[0.938s] Level 5:colcon.colcon_core.verb:set package 'pixelization_rs' build argument 'lookup_in_workspace' from command line to 'False'
[0.938s] Level 5:colcon.colcon_core.verb:set package 'pixelization_rs' build argument 'cargo_args' from command line to 'None'
[0.938s] Level 5:colcon.colcon_core.verb:set package 'pixelization_rs' build argument 'clean_build' from command line to 'False'
[0.938s] Level 5:colcon.colcon_core.verb:set package 'pixelization_rs' build argument 'cmake_args' from command line to 'None'
[0.938s] Level 5:colcon.colcon_core.verb:set package 'pixelization_rs' build argument 'cmake_target' from command line to 'None'
[0.938s] Level 5:colcon.colcon_core.verb:set package 'pixelization_rs' build argument 'cmake_target_skip_unavailable' from command line to 'False'
[0.938s] Level 5:colcon.colcon_core.verb:set package 'pixelization_rs' build argument 'cmake_clean_cache' from command line to 'False'
[0.938s] Level 5:colcon.colcon_core.verb:set package 'pixelization_rs' build argument 'cmake_clean_first' from command line to 'False'
[0.939s] Level 5:colcon.colcon_core.verb:set package 'pixelization_rs' build argument 'cmake_force_configure' from command line to 'False'
[0.939s] Level 5:colcon.colcon_core.verb:set package 'pixelization_rs' build argument 'ament_cmake_args' from command line to 'None'
[0.939s] Level 5:colcon.colcon_core.verb:set package 'pixelization_rs' build argument 'catkin_cmake_args' from command line to 'None'
[0.939s] Level 5:colcon.colcon_core.verb:set package 'pixelization_rs' build argument 'catkin_skip_building_tests' from command line to 'False'
[0.939s] DEBUG:colcon.colcon_core.verb:Building package 'pixelization_rs' with the following arguments: {'ament_cmake_args': None, 'build_base': '/workspaces/isaac_ros-dev/src/pixelization_rs/build/pixelization_rs', 'cargo_args': None, 'catkin_cmake_args': None, 'catkin_skip_building_tests': False, 'clean_build': False, 'cmake_args': None, 'cmake_clean_cache': False, 'cmake_clean_first': False, 'cmake_force_configure': False, 'cmake_target': None, 'cmake_target_skip_unavailable': False, 'install_base': '/workspaces/isaac_ros-dev/src/pixelization_rs/install/pixelization_rs', 'lookup_in_workspace': False, 'merge_install': False, 'path': '/workspaces/isaac_ros-dev/src/pixelization_rs', 'symlink_install': True, 'test_result_base': None}
[0.939s] INFO:colcon.colcon_core.executor:Executing jobs using 'parallel' executor
[0.941s] DEBUG:colcon.colcon_parallel_executor.executor.parallel:run_until_complete
[0.942s] INFO:colcon.colcon_cargo.task.cargo.build:Building Cargo package in '/workspaces/isaac_ros-dev/src/pixelization_rs'
[0.947s] INFO:colcon.colcon_core.plugin_system:Skipping extension 'colcon_core.shell.bat': Not used on non-Windows systems
[0.947s] INFO:colcon.colcon_core.shell:Skip shell extension 'powershell' for command environment: Not usable outside of PowerShell
[0.947s] DEBUG:colcon.colcon_core.shell:Skip shell extension 'dsv' for command environment
[0.968s] Level 1:colcon.colcon_core.shell:create_environment_hook('pixelization_rs', 'ament_prefix_path')
[0.969s] INFO:colcon.colcon_core.shell:Creating environment hook '/workspaces/isaac_ros-dev/src/pixelization_rs/install/pixelization_rs/share/pixelization_rs/hook/ament_prefix_path.ps1'
[0.970s] INFO:colcon.colcon_core.shell:Creating environment descriptor '/workspaces/isaac_ros-dev/src/pixelization_rs/install/pixelization_rs/share/pixelization_rs/hook/ament_prefix_path.dsv'
[0.971s] INFO:colcon.colcon_core.shell:Creating environment hook '/workspaces/isaac_ros-dev/src/pixelization_rs/install/pixelization_rs/share/pixelization_rs/hook/ament_prefix_path.sh'
[0.977s] DEBUG:colcon.colcon_core.event_handler.log_command:Invoking command in '.': /home/admin/.cargo/bin/cargo ament-build --install-base /workspaces/isaac_ros-dev/src/pixelization_rs/install/pixelization_rs -- --manifest-path /workspaces/isaac_ros-dev/src/pixelization_rs/Cargo.toml --target-dir /workspaces/isaac_ros-dev/src/pixelization_rs/build/pixelization_rs --quiet
[1.545s] DEBUG:colcon.colcon_core.event_handler.log_command:Invoked command in '.' returned '1': /home/admin/.cargo/bin/cargo ament-build --install-base /workspaces/isaac_ros-dev/src/pixelization_rs/install/pixelization_rs -- --manifest-path /workspaces/isaac_ros-dev/src/pixelization_rs/Cargo.toml --target-dir /workspaces/isaac_ros-dev/src/pixelization_rs/build/pixelization_rs --quiet
[1.554s] DEBUG:colcon.colcon_parallel_executor.executor.parallel:closing loop
[1.554s] DEBUG:colcon.colcon_parallel_executor.executor.parallel:loop closed
[1.555s] DEBUG:colcon.colcon_parallel_executor.executor.parallel:run_until_complete finished with '1'
[1.555s] DEBUG:colcon.colcon_core.event_reactor:joining thread
[1.571s] INFO:colcon.colcon_core.plugin_system:Skipping extension 'colcon_notification.desktop_notification.notify_send': Could not find 'notify-send'
[1.572s] INFO:colcon.colcon_core.plugin_system:Skipping extension 'colcon_notification.desktop_notification.terminal_notifier': Not used on non-Darwin systems
[1.572s] INFO:colcon.colcon_core.plugin_system:Skipping extension 'colcon_notification.desktop_notification.win32': Not used on non-Windows systems
[1.572s] INFO:colcon.colcon_notification.desktop_notification:Sending desktop notification using 'notify2'
[1.581s] DEBUG:colcon.colcon_notification.desktop_notification.notify2:Failed to initialize notify2: org.freedesktop.DBus.Error.Spawn.ExecFailed: /usr/bin/dbus-launch terminated abnormally without any error message
[1.581s] DEBUG:colcon.colcon_core.event_reactor:joined thread
[1.585s] INFO:colcon.colcon_core.shell:Creating prefix script '/workspaces/isaac_ros-dev/src/pixelization_rs/install/local_setup.ps1'
[1.591s] INFO:colcon.colcon_core.shell:Creating prefix util module '/workspaces/isaac_ros-dev/src/pixelization_rs/install/_local_setup_util_ps1.py'
[1.595s] INFO:colcon.colcon_core.shell:Creating prefix chain script '/workspaces/isaac_ros-dev/src/pixelization_rs/install/setup.ps1'
[1.599s] INFO:colcon.colcon_core.shell:Creating prefix script '/workspaces/isaac_ros-dev/src/pixelization_rs/install/local_setup.sh'
[1.601s] INFO:colcon.colcon_core.shell:Creating prefix util module '/workspaces/isaac_ros-dev/src/pixelization_rs/install/_local_setup_util_sh.py'
[1.602s] INFO:colcon.colcon_core.shell:Creating prefix chain script '/workspaces/isaac_ros-dev/src/pixelization_rs/install/setup.sh'
[1.606s] INFO:colcon.colcon_core.shell:Creating prefix script '/workspaces/isaac_ros-dev/src/pixelization_rs/install/local_setup.bash'
[1.608s] INFO:colcon.colcon_core.shell:Creating prefix chain script '/workspaces/isaac_ros-dev/src/pixelization_rs/install/setup.bash'
[1.611s] INFO:colcon.colcon_core.shell:Creating prefix script '/workspaces/isaac_ros-dev/src/pixelization_rs/install/local_setup.zsh'
[1.612s] INFO:colcon.colcon_core.shell:Creating prefix chain script '/workspaces/isaac_ros-dev/src/pixelization_rs/install/setup.zsh'
